<?xml version="1.0" encoding="UTF-8"?>
<testng-results retried="3" ignored="0" total="11" passed="7" failed="1" skipped="0">
  <reporter-output>
    <line>
      <![CDATA[EMT]]>
    </line>
    <line>
      <![CDATA[Trivago]]>
    </line>
    <line>
      <![CDATA[MMT]]>
    </line>
    <line>
      <![CDATA[KAYAK]]>
    </line>
    <line>
      <![CDATA[Page title is MakeMyTrip - #1 Travel Website 50% OFF on Hotels, Flights & Holiday]]>
    </line>
    <line>
      <![CDATA[Page title is Search Flights, Hotels & Rental Cars | KAYAK]]>
    </line>
    <line>
      <![CDATA[Page title is trivago.in - Compare hotel prices worldwide]]>
    </line>
    <line>
      <![CDATA[Page title is trivago.in - Compare hotel prices worldwide]]>
    </line>
    <line>
      <![CDATA[EMT]]>
    </line>
    <line>
      <![CDATA[EMT]]>
    </line>
    <line>
      <![CDATA[EMT]]>
    </line>
  </reporter-output>
  <suite started-at="2024-05-17T12:48:44 IST" name="Smoke and Functional Test Suite" finished-at="2024-05-17T12:50:25 IST" duration-ms="101688">
    <groups>
      <group name="Dom">
        <method signature="SmokeTest_EaseMyTrip.loginCheckTestEMT()[pri:0, instance:smokeTests.SmokeTest_EaseMyTrip@49e202ad]" name="loginCheckTestEMT" class="smokeTests.SmokeTest_EaseMyTrip"/>
        <method signature="SmokeTest_MMT.loginCheckTestMMT()[pri:0, instance:smokeTests.SmokeTest_MMT@6b0c2d26]" name="loginCheckTestMMT" class="smokeTests.SmokeTest_MMT"/>
      </group> <!-- Dom -->
      <group name="Int">
        <method signature="SmokeTest_Kayak.loginCheckTestKayak()[pri:0, instance:smokeTests.SmokeTest_Kayak@1c72da34]" name="loginCheckTestKayak" class="smokeTests.SmokeTest_Kayak"/>
        <method signature="SmokeTest_Trivago.loginCheckTestTrivago()[pri:0, instance:smokeTests.SmokeTest_Trivago@3d3fcdb0]" name="loginCheckTestTrivago" class="smokeTests.SmokeTest_Trivago"/>
      </group> <!-- Int -->
    </groups>
    <test started-at="2024-05-17T12:48:44 IST" name="Smoke Test" finished-at="2024-05-17T12:49:50 IST" duration-ms="66514">
      <class name="smokeTests.SmokeTest_Trivago">
        <test-method is-config="true" signature="setUp()[pri:0, instance:smokeTests.SmokeTest_Trivago@3d3fcdb0]" started-at="2024-05-17T12:48:44 IST" name="setUp" finished-at="2024-05-17T12:49:02 IST" duration-ms="18392" status="PASS">
          <reporter-output>
          </reporter-output>
        </test-method> <!-- setUp -->
        <test-method signature="loginCheckTestTrivago()[pri:0, instance:smokeTests.SmokeTest_Trivago@3d3fcdb0]" started-at="2024-05-17T12:49:02 IST" name="loginCheckTestTrivago" finished-at="2024-05-17T12:49:50 IST" duration-ms="47540" status="PASS">
          <reporter-output>
            <line>
              <![CDATA[Trivago]]>
            </line>
            <line>
              <![CDATA[Page title is trivago.in - Compare hotel prices worldwide]]>
            </line>
          </reporter-output>
        </test-method> <!-- loginCheckTestTrivago -->
        <test-method is-config="true" signature="tearDown()[pri:0, instance:smokeTests.SmokeTest_Trivago@3d3fcdb0]" started-at="2024-05-17T12:49:50 IST" name="tearDown" finished-at="2024-05-17T12:49:50 IST" duration-ms="283" status="PASS">
          <reporter-output>
          </reporter-output>
        </test-method> <!-- tearDown -->
      </class> <!-- smokeTests.SmokeTest_Trivago -->
      <class name="smokeTests.SmokeTest_MMT">
        <test-method signature="loginCheckTestMMT()[pri:0, instance:smokeTests.SmokeTest_MMT@6b0c2d26]" started-at="2024-05-17T12:48:44 IST" name="loginCheckTestMMT" finished-at="2024-05-17T12:49:32 IST" duration-ms="48052" status="PASS">
          <reporter-output>
            <line>
              <![CDATA[MMT]]>
            </line>
            <line>
              <![CDATA[Page title is MakeMyTrip - #1 Travel Website 50% OFF on Hotels, Flights & Holiday]]>
            </line>
          </reporter-output>
        </test-method> <!-- loginCheckTestMMT -->
      </class> <!-- smokeTests.SmokeTest_MMT -->
      <class name="smokeTests.SmokeTest_Kayak">
        <test-method signature="loginCheckTestKayak()[pri:0, instance:smokeTests.SmokeTest_Kayak@1c72da34]" started-at="2024-05-17T12:48:44 IST" name="loginCheckTestKayak" finished-at="2024-05-17T12:49:33 IST" duration-ms="49018" status="PASS">
          <reporter-output>
            <line>
              <![CDATA[KAYAK]]>
            </line>
            <line>
              <![CDATA[Page title is Search Flights, Hotels & Rental Cars | KAYAK]]>
            </line>
          </reporter-output>
        </test-method> <!-- loginCheckTestKayak -->
      </class> <!-- smokeTests.SmokeTest_Kayak -->
      <class name="smokeTests.SmokeTest_EaseMyTrip">
        <test-method is-config="true" signature="setUp()[pri:0, instance:smokeTests.SmokeTest_EaseMyTrip@49e202ad]" started-at="2024-05-17T12:48:44 IST" name="setUp" finished-at="2024-05-17T12:49:02 IST" duration-ms="18401" status="PASS">
          <reporter-output>
          </reporter-output>
        </test-method> <!-- setUp -->
        <test-method retried="true" signature="loginCheckTestEMT()[pri:0, instance:smokeTests.SmokeTest_EaseMyTrip@49e202ad]" started-at="2024-05-17T12:49:02 IST" name="loginCheckTestEMT" finished-at="2024-05-17T12:49:50 IST" duration-ms="47555" status="SKIP">
          <exception class="java.lang.AssertionError">
            <message>
              <![CDATA[Title asertion check expected [trivago.in - Compare hotel prices worldwide] but found [Book Flights, Hotels, Holidays, Bus & Train Tickets - EaseMyTrip.com***]]]>
            </message>
            <full-stacktrace>
              <![CDATA[java.lang.AssertionError: Title asertion check expected [trivago.in - Compare hotel prices worldwide] but found [Book Flights, Hotels, Holidays, Bus & Train Tickets - EaseMyTrip.com***]
at org.testng.Assert.fail(Assert.java:97)
at org.testng.Assert.assertEqualsImpl(Assert.java:136)
at org.testng.Assert.assertEquals(Assert.java:118)
at org.testng.Assert.assertEquals(Assert.java:575)
at smokeTests.SmokeTest_EaseMyTrip.loginCheckTestEMT(SmokeTest_EaseMyTrip.java:29)
at java.base/jdk.internal.reflect.DirectMethodHandleAccessor.invoke(DirectMethodHandleAccessor.java:103)
at java.base/java.lang.reflect.Method.invoke(Method.java:580)
at org.testng.internal.MethodInvocationHelper.invokeMethod(MethodInvocationHelper.java:134)
at org.testng.internal.TestInvoker.invokeMethod(TestInvoker.java:597)
at org.testng.internal.TestInvoker.invokeTestMethod(TestInvoker.java:173)
at org.testng.internal.MethodRunner.runInSequence(MethodRunner.java:46)
at org.testng.internal.TestInvoker$MethodInvocationAgent.invoke(TestInvoker.java:816)
at org.testng.internal.TestInvoker.invokeTestMethods(TestInvoker.java:146)
at org.testng.internal.TestMethodWorker.invokeTestMethods(TestMethodWorker.java:146)
at org.testng.internal.TestMethodWorker.run(TestMethodWorker.java:128)
at java.base/java.util.concurrent.ThreadPoolExecutor.runWorker(ThreadPoolExecutor.java:1144)
at java.base/java.util.concurrent.ThreadPoolExecutor$Worker.run(ThreadPoolExecutor.java:642)
at java.base/java.lang.Thread.run(Thread.java:1570)
]]>
            </full-stacktrace>
          </exception> <!-- java.lang.AssertionError -->
          <reporter-output>
            <line>
              <![CDATA[EMT]]>
            </line>
            <line>
              <![CDATA[Page title is trivago.in - Compare hotel prices worldwide]]>
            </line>
          </reporter-output>
        </test-method> <!-- loginCheckTestEMT -->
        <test-method is-config="true" signature="tearDown()[pri:0, instance:smokeTests.SmokeTest_EaseMyTrip@49e202ad]" started-at="2024-05-17T12:49:50 IST" name="tearDown" finished-at="2024-05-17T12:49:50 IST" duration-ms="433" status="FAIL">
          <exception class="org.openqa.selenium.NoSuchSessionException">
            <message>
              <![CDATA[invalid session id
Build info: version: '4.18.1', revision: 'b1d3319b48'
System info: os.name: 'Mac OS X', os.arch: 'x86_64', os.version: '11.6.5', java.version: '22.0.1'
Driver info: org.openqa.selenium.chrome.ChromeDriver
Command: [6514b85165e0e081efe23cb36b877599, close {}]
Capabilities {acceptInsecureCerts: false, browserName: chrome, browserVersion: 124.0.6367.209, chrome: {chromedriverVersion: 124.0.6367.207 (a9001a6e39f..., userDataDir: /var/folders/tv/ys9fvp5575v...}, fedcm:accounts: true, goog:chromeOptions: {debuggerAddress: localhost:60597}, networkConnectionEnabled: false, pageLoadStrategy: normal, platformName: mac, proxy: Proxy(), se:cdp: ws://localhost:60597/devtoo..., se:cdpVersion: 124.0.6367.209, setWindowRect: true, strictFileInteractability: false, timeouts: {implicit: 0, pageLoad: 300000, script: 30000}, unhandledPromptBehavior: dismiss and notify, webauthn:extension:credBlob: true, webauthn:extension:largeBlob: true, webauthn:extension:minPinLength: true, webauthn:extension:prf: true, webauthn:virtualAuthenticators: true}
Session ID: 6514b85165e0e081efe23cb36b877599]]>
            </message>
            <full-stacktrace>
              <![CDATA[org.openqa.selenium.NoSuchSessionException: invalid session id
Build info: version: '4.18.1', revision: 'b1d3319b48'
System info: os.name: 'Mac OS X', os.arch: 'x86_64', os.version: '11.6.5', java.version: '22.0.1'
Driver info: org.openqa.selenium.chrome.ChromeDriver
Command: [6514b85165e0e081efe23cb36b877599, close {}]
Capabilities {acceptInsecureCerts: false, browserName: chrome, browserVersion: 124.0.6367.209, chrome: {chromedriverVersion: 124.0.6367.207 (a9001a6e39f..., userDataDir: /var/folders/tv/ys9fvp5575v...}, fedcm:accounts: true, goog:chromeOptions: {debuggerAddress: localhost:60597}, networkConnectionEnabled: false, pageLoadStrategy: normal, platformName: mac, proxy: Proxy(), se:cdp: ws://localhost:60597/devtoo..., se:cdpVersion: 124.0.6367.209, setWindowRect: true, strictFileInteractability: false, timeouts: {implicit: 0, pageLoad: 300000, script: 30000}, unhandledPromptBehavior: dismiss and notify, webauthn:extension:credBlob: true, webauthn:extension:largeBlob: true, webauthn:extension:minPinLength: true, webauthn:extension:prf: true, webauthn:virtualAuthenticators: true}
Session ID: 6514b85165e0e081efe23cb36b877599
at java.base/jdk.internal.reflect.DirectConstructorHandleAccessor.newInstance(DirectConstructorHandleAccessor.java:62)
at java.base/java.lang.reflect.Constructor.newInstanceWithCaller(Constructor.java:502)
at java.base/java.lang.reflect.Constructor.newInstance(Constructor.java:486)
at org.openqa.selenium.remote.ErrorCodec.decode(ErrorCodec.java:167)
at org.openqa.selenium.remote.codec.w3c.W3CHttpResponseCodec.decode(W3CHttpResponseCodec.java:138)
at org.openqa.selenium.remote.codec.w3c.W3CHttpResponseCodec.decode(W3CHttpResponseCodec.java:50)
at org.openqa.selenium.remote.HttpCommandExecutor.execute(HttpCommandExecutor.java:190)
at org.openqa.selenium.remote.service.DriverCommandExecutor.invokeExecute(DriverCommandExecutor.java:216)
at org.openqa.selenium.remote.service.DriverCommandExecutor.execute(DriverCommandExecutor.java:174)
at org.openqa.selenium.remote.RemoteWebDriver.execute(RemoteWebDriver.java:519)
at org.openqa.selenium.remote.RemoteWebDriver.execute(RemoteWebDriver.java:592)
at org.openqa.selenium.remote.RemoteWebDriver.execute(RemoteWebDriver.java:596)
at org.openqa.selenium.remote.RemoteWebDriver.close(RemoteWebDriver.java:406)
at base.BaseTest.tearDown(BaseTest.java:51)
at java.base/jdk.internal.reflect.DirectMethodHandleAccessor.invoke(DirectMethodHandleAccessor.java:103)
at java.base/java.lang.reflect.Method.invoke(Method.java:580)
at org.testng.internal.MethodInvocationHelper.invokeMethod(MethodInvocationHelper.java:134)
at org.testng.internal.MethodInvocationHelper.invokeMethodConsideringTimeout(MethodInvocationHelper.java:63)
at org.testng.internal.ConfigInvoker.invokeConfigurationMethod(ConfigInvoker.java:348)
at org.testng.internal.ConfigInvoker.invokeConfigurations(ConfigInvoker.java:302)
at org.testng.internal.TestInvoker.runConfigMethods(TestInvoker.java:695)
at org.testng.internal.TestInvoker.runAfterGroupsConfigurations(TestInvoker.java:671)
at org.testng.internal.TestInvoker.invokeMethod(TestInvoker.java:655)
at org.testng.internal.TestInvoker.invokeTestMethod(TestInvoker.java:173)
at org.testng.internal.MethodRunner.runInSequence(MethodRunner.java:46)
at org.testng.internal.TestInvoker$MethodInvocationAgent.invoke(TestInvoker.java:816)
at org.testng.internal.TestInvoker.invokeTestMethods(TestInvoker.java:146)
at org.testng.internal.TestMethodWorker.invokeTestMethods(TestMethodWorker.java:146)
at org.testng.internal.TestMethodWorker.run(TestMethodWorker.java:128)
at java.base/java.util.concurrent.ThreadPoolExecutor.runWorker(ThreadPoolExecutor.java:1144)
at java.base/java.util.concurrent.ThreadPoolExecutor$Worker.run(ThreadPoolExecutor.java:642)
at java.base/java.lang.Thread.run(Thread.java:1570)
]]>
            </full-stacktrace>
          </exception> <!-- org.openqa.selenium.NoSuchSessionException -->
          <reporter-output>
          </reporter-output>
        </test-method> <!-- tearDown -->
        <test-method is-config="true" signature="setUp()[pri:0, instance:smokeTests.SmokeTest_EaseMyTrip@49e202ad]" started-at="2024-05-17T12:49:50 IST" name="setUp" finished-at="1970-01-01T05:30:00 IST" duration-ms="-1715930390681" status="SKIP">
          <reporter-output>
          </reporter-output>
        </test-method> <!-- setUp -->
        <test-method retried="true" signature="loginCheckTestEMT()[pri:0, instance:smokeTests.SmokeTest_EaseMyTrip@49e202ad]" started-at="2024-05-17T12:49:50 IST" name="loginCheckTestEMT" finished-at="2024-05-17T12:49:50 IST" duration-ms="13" status="SKIP">
          <exception class="org.openqa.selenium.NoSuchSessionException">
            <message>
              <![CDATA[invalid session id
Build info: version: '4.18.1', revision: 'b1d3319b48'
System info: os.name: 'Mac OS X', os.arch: 'x86_64', os.version: '11.6.5', java.version: '22.0.1'
Driver info: org.openqa.selenium.chrome.ChromeDriver
Command: [6514b85165e0e081efe23cb36b877599, get {url=https://www.easemytrip.com}]
Capabilities {acceptInsecureCerts: false, browserName: chrome, browserVersion: 124.0.6367.209, chrome: {chromedriverVersion: 124.0.6367.207 (a9001a6e39f..., userDataDir: /var/folders/tv/ys9fvp5575v...}, fedcm:accounts: true, goog:chromeOptions: {debuggerAddress: localhost:60597}, networkConnectionEnabled: false, pageLoadStrategy: normal, platformName: mac, proxy: Proxy(), se:cdp: ws://localhost:60597/devtoo..., se:cdpVersion: 124.0.6367.209, setWindowRect: true, strictFileInteractability: false, timeouts: {implicit: 0, pageLoad: 300000, script: 30000}, unhandledPromptBehavior: dismiss and notify, webauthn:extension:credBlob: true, webauthn:extension:largeBlob: true, webauthn:extension:minPinLength: true, webauthn:extension:prf: true, webauthn:virtualAuthenticators: true}
Session ID: 6514b85165e0e081efe23cb36b877599]]>
            </message>
            <full-stacktrace>
              <![CDATA[org.openqa.selenium.NoSuchSessionException: invalid session id
Build info: version: '4.18.1', revision: 'b1d3319b48'
System info: os.name: 'Mac OS X', os.arch: 'x86_64', os.version: '11.6.5', java.version: '22.0.1'
Driver info: org.openqa.selenium.chrome.ChromeDriver
Command: [6514b85165e0e081efe23cb36b877599, get {url=https://www.easemytrip.com}]
Capabilities {acceptInsecureCerts: false, browserName: chrome, browserVersion: 124.0.6367.209, chrome: {chromedriverVersion: 124.0.6367.207 (a9001a6e39f..., userDataDir: /var/folders/tv/ys9fvp5575v...}, fedcm:accounts: true, goog:chromeOptions: {debuggerAddress: localhost:60597}, networkConnectionEnabled: false, pageLoadStrategy: normal, platformName: mac, proxy: Proxy(), se:cdp: ws://localhost:60597/devtoo..., se:cdpVersion: 124.0.6367.209, setWindowRect: true, strictFileInteractability: false, timeouts: {implicit: 0, pageLoad: 300000, script: 30000}, unhandledPromptBehavior: dismiss and notify, webauthn:extension:credBlob: true, webauthn:extension:largeBlob: true, webauthn:extension:minPinLength: true, webauthn:extension:prf: true, webauthn:virtualAuthenticators: true}
Session ID: 6514b85165e0e081efe23cb36b877599
at java.base/jdk.internal.reflect.DirectConstructorHandleAccessor.newInstance(DirectConstructorHandleAccessor.java:62)
at java.base/java.lang.reflect.Constructor.newInstanceWithCaller(Constructor.java:502)
at java.base/java.lang.reflect.Constructor.newInstance(Constructor.java:486)
at org.openqa.selenium.remote.ErrorCodec.decode(ErrorCodec.java:167)
at org.openqa.selenium.remote.codec.w3c.W3CHttpResponseCodec.decode(W3CHttpResponseCodec.java:138)
at org.openqa.selenium.remote.codec.w3c.W3CHttpResponseCodec.decode(W3CHttpResponseCodec.java:50)
at org.openqa.selenium.remote.HttpCommandExecutor.execute(HttpCommandExecutor.java:190)
at org.openqa.selenium.remote.service.DriverCommandExecutor.invokeExecute(DriverCommandExecutor.java:216)
at org.openqa.selenium.remote.service.DriverCommandExecutor.execute(DriverCommandExecutor.java:174)
at org.openqa.selenium.remote.RemoteWebDriver.execute(RemoteWebDriver.java:519)
at org.openqa.selenium.remote.RemoteWebDriver.get(RemoteWebDriver.java:301)
at smokeTests.SmokeTest_EaseMyTrip.loginCheckTestEMT(SmokeTest_EaseMyTrip.java:22)
at java.base/jdk.internal.reflect.DirectMethodHandleAccessor.invoke(DirectMethodHandleAccessor.java:103)
at java.base/java.lang.reflect.Method.invoke(Method.java:580)
at org.testng.internal.MethodInvocationHelper.invokeMethod(MethodInvocationHelper.java:134)
at org.testng.internal.TestInvoker.invokeMethod(TestInvoker.java:597)
at org.testng.internal.TestInvoker.retryFailed(TestInvoker.java:213)
at org.testng.internal.MethodRunner.runInSequence(MethodRunner.java:58)
at org.testng.internal.TestInvoker$MethodInvocationAgent.invoke(TestInvoker.java:816)
at org.testng.internal.TestInvoker.invokeTestMethods(TestInvoker.java:146)
at org.testng.internal.TestMethodWorker.invokeTestMethods(TestMethodWorker.java:146)
at org.testng.internal.TestMethodWorker.run(TestMethodWorker.java:128)
at java.base/java.util.concurrent.ThreadPoolExecutor.runWorker(ThreadPoolExecutor.java:1144)
at java.base/java.util.concurrent.ThreadPoolExecutor$Worker.run(ThreadPoolExecutor.java:642)
at java.base/java.lang.Thread.run(Thread.java:1570)
]]>
            </full-stacktrace>
          </exception> <!-- org.openqa.selenium.NoSuchSessionException -->
          <reporter-output>
            <line>
              <![CDATA[EMT]]>
            </line>
          </reporter-output>
        </test-method> <!-- loginCheckTestEMT -->
        <test-method is-config="true" signature="tearDown()[pri:0, instance:smokeTests.SmokeTest_EaseMyTrip@49e202ad]" started-at="2024-05-17T12:49:50 IST" name="tearDown" finished-at="1970-01-01T05:30:00 IST" duration-ms="-1715930390697" status="SKIP">
          <reporter-output>
          </reporter-output>
        </test-method> <!-- tearDown -->
        <test-method retried="true" signature="loginCheckTestEMT()[pri:0, instance:smokeTests.SmokeTest_EaseMyTrip@49e202ad]" started-at="2024-05-17T12:49:50 IST" name="loginCheckTestEMT" finished-at="2024-05-17T12:49:50 IST" duration-ms="5" status="SKIP">
          <exception class="org.openqa.selenium.NoSuchSessionException">
            <message>
              <![CDATA[invalid session id
Build info: version: '4.18.1', revision: 'b1d3319b48'
System info: os.name: 'Mac OS X', os.arch: 'x86_64', os.version: '11.6.5', java.version: '22.0.1'
Driver info: org.openqa.selenium.chrome.ChromeDriver
Command: [6514b85165e0e081efe23cb36b877599, get {url=https://www.easemytrip.com}]
Capabilities {acceptInsecureCerts: false, browserName: chrome, browserVersion: 124.0.6367.209, chrome: {chromedriverVersion: 124.0.6367.207 (a9001a6e39f..., userDataDir: /var/folders/tv/ys9fvp5575v...}, fedcm:accounts: true, goog:chromeOptions: {debuggerAddress: localhost:60597}, networkConnectionEnabled: false, pageLoadStrategy: normal, platformName: mac, proxy: Proxy(), se:cdp: ws://localhost:60597/devtoo..., se:cdpVersion: 124.0.6367.209, setWindowRect: true, strictFileInteractability: false, timeouts: {implicit: 0, pageLoad: 300000, script: 30000}, unhandledPromptBehavior: dismiss and notify, webauthn:extension:credBlob: true, webauthn:extension:largeBlob: true, webauthn:extension:minPinLength: true, webauthn:extension:prf: true, webauthn:virtualAuthenticators: true}
Session ID: 6514b85165e0e081efe23cb36b877599]]>
            </message>
            <full-stacktrace>
              <![CDATA[org.openqa.selenium.NoSuchSessionException: invalid session id
Build info: version: '4.18.1', revision: 'b1d3319b48'
System info: os.name: 'Mac OS X', os.arch: 'x86_64', os.version: '11.6.5', java.version: '22.0.1'
Driver info: org.openqa.selenium.chrome.ChromeDriver
Command: [6514b85165e0e081efe23cb36b877599, get {url=https://www.easemytrip.com}]
Capabilities {acceptInsecureCerts: false, browserName: chrome, browserVersion: 124.0.6367.209, chrome: {chromedriverVersion: 124.0.6367.207 (a9001a6e39f..., userDataDir: /var/folders/tv/ys9fvp5575v...}, fedcm:accounts: true, goog:chromeOptions: {debuggerAddress: localhost:60597}, networkConnectionEnabled: false, pageLoadStrategy: normal, platformName: mac, proxy: Proxy(), se:cdp: ws://localhost:60597/devtoo..., se:cdpVersion: 124.0.6367.209, setWindowRect: true, strictFileInteractability: false, timeouts: {implicit: 0, pageLoad: 300000, script: 30000}, unhandledPromptBehavior: dismiss and notify, webauthn:extension:credBlob: true, webauthn:extension:largeBlob: true, webauthn:extension:minPinLength: true, webauthn:extension:prf: true, webauthn:virtualAuthenticators: true}
Session ID: 6514b85165e0e081efe23cb36b877599
at java.base/jdk.internal.reflect.DirectConstructorHandleAccessor.newInstance(DirectConstructorHandleAccessor.java:62)
at java.base/java.lang.reflect.Constructor.newInstanceWithCaller(Constructor.java:502)
at java.base/java.lang.reflect.Constructor.newInstance(Constructor.java:486)
at org.openqa.selenium.remote.ErrorCodec.decode(ErrorCodec.java:167)
at org.openqa.selenium.remote.codec.w3c.W3CHttpResponseCodec.decode(W3CHttpResponseCodec.java:138)
at org.openqa.selenium.remote.codec.w3c.W3CHttpResponseCodec.decode(W3CHttpResponseCodec.java:50)
at org.openqa.selenium.remote.HttpCommandExecutor.execute(HttpCommandExecutor.java:190)
at org.openqa.selenium.remote.service.DriverCommandExecutor.invokeExecute(DriverCommandExecutor.java:216)
at org.openqa.selenium.remote.service.DriverCommandExecutor.execute(DriverCommandExecutor.java:174)
at org.openqa.selenium.remote.RemoteWebDriver.execute(RemoteWebDriver.java:519)
at org.openqa.selenium.remote.RemoteWebDriver.get(RemoteWebDriver.java:301)
at smokeTests.SmokeTest_EaseMyTrip.loginCheckTestEMT(SmokeTest_EaseMyTrip.java:22)
at java.base/jdk.internal.reflect.DirectMethodHandleAccessor.invoke(DirectMethodHandleAccessor.java:103)
at java.base/java.lang.reflect.Method.invoke(Method.java:580)
at org.testng.internal.MethodInvocationHelper.invokeMethod(MethodInvocationHelper.java:134)
at org.testng.internal.TestInvoker.invokeMethod(TestInvoker.java:597)
at org.testng.internal.TestInvoker.retryFailed(TestInvoker.java:213)
at org.testng.internal.MethodRunner.runInSequence(MethodRunner.java:58)
at org.testng.internal.TestInvoker$MethodInvocationAgent.invoke(TestInvoker.java:816)
at org.testng.internal.TestInvoker.invokeTestMethods(TestInvoker.java:146)
at org.testng.internal.TestMethodWorker.invokeTestMethods(TestMethodWorker.java:146)
at org.testng.internal.TestMethodWorker.run(TestMethodWorker.java:128)
at java.base/java.util.concurrent.ThreadPoolExecutor.runWorker(ThreadPoolExecutor.java:1144)
at java.base/java.util.concurrent.ThreadPoolExecutor$Worker.run(ThreadPoolExecutor.java:642)
at java.base/java.lang.Thread.run(Thread.java:1570)
]]>
            </full-stacktrace>
          </exception> <!-- org.openqa.selenium.NoSuchSessionException -->
          <reporter-output>
            <line>
              <![CDATA[EMT]]>
            </line>
          </reporter-output>
        </test-method> <!-- loginCheckTestEMT -->
        <test-method is-config="true" signature="setUp()[pri:0, instance:smokeTests.SmokeTest_EaseMyTrip@49e202ad]" started-at="2024-05-17T12:49:50 IST" name="setUp" finished-at="1970-01-01T05:30:00 IST" duration-ms="-1715930390698" status="SKIP">
          <reporter-output>
          </reporter-output>
        </test-method> <!-- setUp -->
        <test-method is-config="true" signature="tearDown()[pri:0, instance:smokeTests.SmokeTest_EaseMyTrip@49e202ad]" started-at="2024-05-17T12:49:50 IST" name="tearDown" finished-at="1970-01-01T05:30:00 IST" duration-ms="-1715930390704" status="SKIP">
          <reporter-output>
          </reporter-output>
        </test-method> <!-- tearDown -->
        <test-method is-config="true" signature="setUp()[pri:0, instance:smokeTests.SmokeTest_EaseMyTrip@49e202ad]" started-at="2024-05-17T12:49:50 IST" name="setUp" finished-at="1970-01-01T05:30:00 IST" duration-ms="-1715930390705" status="SKIP">
          <reporter-output>
          </reporter-output>
        </test-method> <!-- setUp -->
        <test-method signature="loginCheckTestEMT()[pri:0, instance:smokeTests.SmokeTest_EaseMyTrip@49e202ad]" started-at="2024-05-17T12:49:50 IST" name="loginCheckTestEMT" finished-at="2024-05-17T12:49:50 IST" duration-ms="10" status="FAIL">
          <exception class="org.openqa.selenium.NoSuchSessionException">
            <message>
              <![CDATA[invalid session id
Build info: version: '4.18.1', revision: 'b1d3319b48'
System info: os.name: 'Mac OS X', os.arch: 'x86_64', os.version: '11.6.5', java.version: '22.0.1'
Driver info: org.openqa.selenium.chrome.ChromeDriver
Command: [6514b85165e0e081efe23cb36b877599, get {url=https://www.easemytrip.com}]
Capabilities {acceptInsecureCerts: false, browserName: chrome, browserVersion: 124.0.6367.209, chrome: {chromedriverVersion: 124.0.6367.207 (a9001a6e39f..., userDataDir: /var/folders/tv/ys9fvp5575v...}, fedcm:accounts: true, goog:chromeOptions: {debuggerAddress: localhost:60597}, networkConnectionEnabled: false, pageLoadStrategy: normal, platformName: mac, proxy: Proxy(), se:cdp: ws://localhost:60597/devtoo..., se:cdpVersion: 124.0.6367.209, setWindowRect: true, strictFileInteractability: false, timeouts: {implicit: 0, pageLoad: 300000, script: 30000}, unhandledPromptBehavior: dismiss and notify, webauthn:extension:credBlob: true, webauthn:extension:largeBlob: true, webauthn:extension:minPinLength: true, webauthn:extension:prf: true, webauthn:virtualAuthenticators: true}
Session ID: 6514b85165e0e081efe23cb36b877599]]>
            </message>
            <full-stacktrace>
              <![CDATA[org.openqa.selenium.NoSuchSessionException: invalid session id
Build info: version: '4.18.1', revision: 'b1d3319b48'
System info: os.name: 'Mac OS X', os.arch: 'x86_64', os.version: '11.6.5', java.version: '22.0.1'
Driver info: org.openqa.selenium.chrome.ChromeDriver
Command: [6514b85165e0e081efe23cb36b877599, get {url=https://www.easemytrip.com}]
Capabilities {acceptInsecureCerts: false, browserName: chrome, browserVersion: 124.0.6367.209, chrome: {chromedriverVersion: 124.0.6367.207 (a9001a6e39f..., userDataDir: /var/folders/tv/ys9fvp5575v...}, fedcm:accounts: true, goog:chromeOptions: {debuggerAddress: localhost:60597}, networkConnectionEnabled: false, pageLoadStrategy: normal, platformName: mac, proxy: Proxy(), se:cdp: ws://localhost:60597/devtoo..., se:cdpVersion: 124.0.6367.209, setWindowRect: true, strictFileInteractability: false, timeouts: {implicit: 0, pageLoad: 300000, script: 30000}, unhandledPromptBehavior: dismiss and notify, webauthn:extension:credBlob: true, webauthn:extension:largeBlob: true, webauthn:extension:minPinLength: true, webauthn:extension:prf: true, webauthn:virtualAuthenticators: true}
Session ID: 6514b85165e0e081efe23cb36b877599
at java.base/jdk.internal.reflect.DirectConstructorHandleAccessor.newInstance(DirectConstructorHandleAccessor.java:62)
at java.base/java.lang.reflect.Constructor.newInstanceWithCaller(Constructor.java:502)
at java.base/java.lang.reflect.Constructor.newInstance(Constructor.java:486)
at org.openqa.selenium.remote.ErrorCodec.decode(ErrorCodec.java:167)
at org.openqa.selenium.remote.codec.w3c.W3CHttpResponseCodec.decode(W3CHttpResponseCodec.java:138)
at org.openqa.selenium.remote.codec.w3c.W3CHttpResponseCodec.decode(W3CHttpResponseCodec.java:50)
at org.openqa.selenium.remote.HttpCommandExecutor.execute(HttpCommandExecutor.java:190)
at org.openqa.selenium.remote.service.DriverCommandExecutor.invokeExecute(DriverCommandExecutor.java:216)
at org.openqa.selenium.remote.service.DriverCommandExecutor.execute(DriverCommandExecutor.java:174)
at org.openqa.selenium.remote.RemoteWebDriver.execute(RemoteWebDriver.java:519)
at org.openqa.selenium.remote.RemoteWebDriver.get(RemoteWebDriver.java:301)
at smokeTests.SmokeTest_EaseMyTrip.loginCheckTestEMT(SmokeTest_EaseMyTrip.java:22)
at java.base/jdk.internal.reflect.DirectMethodHandleAccessor.invoke(DirectMethodHandleAccessor.java:103)
at java.base/java.lang.reflect.Method.invoke(Method.java:580)
at org.testng.internal.MethodInvocationHelper.invokeMethod(MethodInvocationHelper.java:134)
at org.testng.internal.TestInvoker.invokeMethod(TestInvoker.java:597)
at org.testng.internal.TestInvoker.retryFailed(TestInvoker.java:213)
at org.testng.internal.MethodRunner.runInSequence(MethodRunner.java:58)
at org.testng.internal.TestInvoker$MethodInvocationAgent.invoke(TestInvoker.java:816)
at org.testng.internal.TestInvoker.invokeTestMethods(TestInvoker.java:146)
at org.testng.internal.TestMethodWorker.invokeTestMethods(TestMethodWorker.java:146)
at org.testng.internal.TestMethodWorker.run(TestMethodWorker.java:128)
at java.base/java.util.concurrent.ThreadPoolExecutor.runWorker(ThreadPoolExecutor.java:1144)
at java.base/java.util.concurrent.ThreadPoolExecutor$Worker.run(ThreadPoolExecutor.java:642)
at java.base/java.lang.Thread.run(Thread.java:1570)
]]>
            </full-stacktrace>
          </exception> <!-- org.openqa.selenium.NoSuchSessionException -->
          <reporter-output>
            <line>
              <![CDATA[EMT]]>
            </line>
          </reporter-output>
        </test-method> <!-- loginCheckTestEMT -->
        <test-method is-config="true" signature="tearDown()[pri:0, instance:smokeTests.SmokeTest_EaseMyTrip@49e202ad]" started-at="2024-05-17T12:49:50 IST" name="tearDown" finished-at="1970-01-01T05:30:00 IST" duration-ms="-1715930390717" status="SKIP">
          <reporter-output>
          </reporter-output>
        </test-method> <!-- tearDown -->
      </class> <!-- smokeTests.SmokeTest_EaseMyTrip -->
    </test> <!-- Smoke Test -->
    <test started-at="2024-05-17T12:49:51 IST" name="Functional Test" finished-at="2024-05-17T12:50:25 IST" duration-ms="34785">
      <class name="testCase.KayakTestingDataDriven">
        <test-method is-config="true" signature="setUp()[pri:0, instance:testCase.KayakTestingDataDriven@491666ad]" started-at="2024-05-17T12:49:53 IST" name="setUp" finished-at="2024-05-17T12:49:59 IST" duration-ms="6094" status="PASS">
          <reporter-output>
          </reporter-output>
        </test-method> <!-- setUp -->
        <test-method signature="kayakTest(java.lang.String, java.lang.String, java.lang.String)[pri:0, instance:testCase.KayakTestingDataDriven@491666ad]" started-at="2024-05-17T12:49:59 IST" name="kayakTest" data-provider="fnTestData" finished-at="2024-05-17T12:50:05 IST" duration-ms="6482" status="PASS">
          <params>
            <param index="0">
              <value>
                <![CDATA[Dehradun]]>
              </value>
            </param>
            <param index="1">
              <value>
                <![CDATA[28 October, 2022]]>
              </value>
            </param>
            <param index="2">
              <value>
                <![CDATA[30 October, 2022]]>
              </value>
            </param>
          </params>
          <reporter-output>
          </reporter-output>
        </test-method> <!-- kayakTest -->
        <test-method is-config="true" signature="tearDown()[pri:0, instance:testCase.KayakTestingDataDriven@491666ad]" started-at="2024-05-17T12:50:05 IST" name="tearDown" finished-at="2024-05-17T12:50:06 IST" duration-ms="336" status="PASS">
          <reporter-output>
          </reporter-output>
        </test-method> <!-- tearDown -->
        <test-method is-config="true" signature="setUp()[pri:0, instance:testCase.KayakTestingDataDriven@491666ad]" started-at="2024-05-17T12:50:06 IST" name="setUp" finished-at="2024-05-17T12:50:10 IST" duration-ms="4062" status="PASS">
          <reporter-output>
          </reporter-output>
        </test-method> <!-- setUp -->
        <test-method signature="kayakTest(java.lang.String, java.lang.String, java.lang.String)[pri:0, instance:testCase.KayakTestingDataDriven@491666ad]" started-at="2024-05-17T12:50:10 IST" name="kayakTest" data-provider="fnTestData" finished-at="2024-05-17T12:50:16 IST" duration-ms="6153" status="PASS">
          <params>
            <param index="0">
              <value>
                <![CDATA[Mumbai]]>
              </value>
            </param>
            <param index="1">
              <value>
                <![CDATA[20 October, 2022]]>
              </value>
            </param>
            <param index="2">
              <value>
                <![CDATA[25 October, 2022]]>
              </value>
            </param>
          </params>
          <reporter-output>
          </reporter-output>
        </test-method> <!-- kayakTest -->
        <test-method is-config="true" signature="tearDown()[pri:0, instance:testCase.KayakTestingDataDriven@491666ad]" started-at="2024-05-17T12:50:16 IST" name="tearDown" finished-at="2024-05-17T12:50:16 IST" duration-ms="250" status="PASS">
          <reporter-output>
          </reporter-output>
        </test-method> <!-- tearDown -->
        <test-method is-config="true" signature="setUp()[pri:0, instance:testCase.KayakTestingDataDriven@491666ad]" started-at="2024-05-17T12:50:16 IST" name="setUp" finished-at="2024-05-17T12:50:19 IST" duration-ms="3136" status="PASS">
          <reporter-output>
          </reporter-output>
        </test-method> <!-- setUp -->
        <test-method signature="kayakTest(java.lang.String, java.lang.String, java.lang.String)[pri:0, instance:testCase.KayakTestingDataDriven@491666ad]" started-at="2024-05-17T12:50:19 IST" name="kayakTest" data-provider="fnTestData" finished-at="2024-05-17T12:50:25 IST" duration-ms="5902" status="PASS">
          <params>
            <param index="0">
              <value>
                <![CDATA[Trichy]]>
              </value>
            </param>
            <param index="1">
              <value>
                <![CDATA[21 October, 2022]]>
              </value>
            </param>
            <param index="2">
              <value>
                <![CDATA[25 October, 2022]]>
              </value>
            </param>
          </params>
          <reporter-output>
          </reporter-output>
        </test-method> <!-- kayakTest -->
        <test-method is-config="true" signature="tearDown()[pri:0, instance:testCase.KayakTestingDataDriven@491666ad]" started-at="2024-05-17T12:50:25 IST" name="tearDown" finished-at="2024-05-17T12:50:25 IST" duration-ms="333" status="PASS">
          <reporter-output>
          </reporter-output>
        </test-method> <!-- tearDown -->
      </class> <!-- testCase.KayakTestingDataDriven -->
      <class name="testCase.AnnotationDemo_TestNG">
        <test-method is-config="true" signature="beforeSuite()[pri:0, instance:testCase.AnnotationDemo_TestNG@3b2c72c2]" started-at="2024-05-17T12:48:44 IST" name="beforeSuite" finished-at="2024-05-17T12:48:44 IST" duration-ms="14" status="PASS">
          <reporter-output>
          </reporter-output>
        </test-method> <!-- beforeSuite -->
        <test-method is-config="true" signature="beforeTest()[pri:0, instance:testCase.AnnotationDemo_TestNG@3b2c72c2]" started-at="2024-05-17T12:49:51 IST" name="beforeTest" finished-at="2024-05-17T12:49:51 IST" duration-ms="1" status="PASS">
          <reporter-output>
          </reporter-output>
        </test-method> <!-- beforeTest -->
        <test-method is-config="true" signature="beforeClass()[pri:0, instance:testCase.AnnotationDemo_TestNG@3b2c72c2]" started-at="2024-05-17T12:50:25 IST" name="beforeClass" finished-at="2024-05-17T12:50:25 IST" duration-ms="1" status="PASS">
          <reporter-output>
          </reporter-output>
        </test-method> <!-- beforeClass -->
        <test-method is-config="true" signature="beforeMethod()[pri:0, instance:testCase.AnnotationDemo_TestNG@3b2c72c2]" started-at="2024-05-17T12:50:25 IST" name="beforeMethod" finished-at="2024-05-17T12:50:25 IST" duration-ms="1" status="PASS">
          <reporter-output>
          </reporter-output>
        </test-method> <!-- beforeMethod -->
        <test-method signature="testCase1()[pri:0, instance:testCase.AnnotationDemo_TestNG@3b2c72c2]" started-at="2024-05-17T12:50:25 IST" name="testCase1" finished-at="2024-05-17T12:50:25 IST" duration-ms="0" status="PASS">
          <reporter-output>
          </reporter-output>
        </test-method> <!-- testCase1 -->
        <test-method is-config="true" signature="afterMethod()[pri:0, instance:testCase.AnnotationDemo_TestNG@3b2c72c2]" started-at="2024-05-17T12:50:25 IST" name="afterMethod" finished-at="2024-05-17T12:50:25 IST" duration-ms="1" status="PASS">
          <reporter-output>
          </reporter-output>
        </test-method> <!-- afterMethod -->
        <test-method is-config="true" signature="afterClass()[pri:0, instance:testCase.AnnotationDemo_TestNG@3b2c72c2]" started-at="2024-05-17T12:50:25 IST" name="afterClass" finished-at="2024-05-17T12:50:25 IST" duration-ms="1" status="PASS">
          <reporter-output>
          </reporter-output>
        </test-method> <!-- afterClass -->
        <test-method is-config="true" signature="afterTest()[pri:0, instance:testCase.AnnotationDemo_TestNG@3b2c72c2]" started-at="2024-05-17T12:50:25 IST" name="afterTest" finished-at="2024-05-17T12:50:25 IST" duration-ms="0" status="PASS">
          <reporter-output>
          </reporter-output>
        </test-method> <!-- afterTest -->
        <test-method is-config="true" signature="afterSuite()[pri:0, instance:testCase.AnnotationDemo_TestNG@3b2c72c2]" started-at="2024-05-17T12:50:25 IST" name="afterSuite" finished-at="2024-05-17T12:50:25 IST" duration-ms="1" status="PASS">
          <reporter-output>
          </reporter-output>
        </test-method> <!-- afterSuite -->
      </class> <!-- testCase.AnnotationDemo_TestNG -->
    </test> <!-- Functional Test -->
  </suite> <!-- Smoke and Functional Test Suite -->
</testng-results>
